"../../../../../../GameProjectBank/GGJ2021guguji/Content/Levels/Level2/DownBox1.uasset" 0
"../../../../../../GameProjectBank/GGJ2021guguji/Content/Levels/Level2/DownBox2.uasset" 1
"../../../../../../GameProjectBank/GGJ2021guguji/Content/StarterContent/Materials/M_Basic_Wall.uasset" 2
"../../../../../../GameProjectBank/GGJ2021guguji/Content/StarterContent/Shapes/Shape_Cylinder.uasset" 3
"../../../../../../GameProjectBank/GGJ2021guguji/Content/StarterContent/Textures/T_Metal_Gold_N.uasset" 4
"../../../../../../GameProjectBank/GGJ2021guguji/Content/StarterContent/Textures/T_Rock_Marble_Polished_D.uasset" 5
"../../../../../../GameProjectBank/GGJ2021guguji/Content/StarterContent/Textures/T_Perlin_Noise_M.uasset" 6
"../../../../../../GameProjectBank/GGJ2021guguji/Content/StarterContent/Materials/M_Rock_Marble_Polished.uasset" 7
"../../../../../../GameProjectBank/GGJ2021guguji/Content/TeachersMarketplace/Assets/Architecture/Kit_Ramp/Texture/T_Kit_Ramp_BC.uasset" 8
"../../../../../../GameProjectBank/GGJ2021guguji/Content/TeachersMarketplace/Assets/Architecture/Kit_Ramp/Texture/T_Kit_Ramp_ARM.uasset" 9
"../../../Engine/Content/MaterialTemplates/LayerBlends/T_DefaultMaskTexture.uasset" 10
"../../../Engine/Content/MapTemplates/TilingNoise05.uasset" 11
"../../../Engine/Content/Functions/Engine_MaterialFunctions02/ExampleContent/Textures/LowResBlurredNoise.uasset" 12
"../../../Engine/Content/EngineMaterials/DefaultNormal.uasset" 13
"../../../Engine/Content/EngineMaterials/DefaultDiffuse.uasset" 14
"../../../Engine/Content/EngineMaterials/BlendFunc_DefBlend.uasset" 15
"../../../Engine/Content/EngineMaterials/BlendFunc_DefBase.uasset" 16
"../../../../../../GameProjectBank/GGJ2021guguji/Content/TeachersMarketplace/Assets/_Shared/Textures/T_Default_BC.uasset" 17
"../../../../../../GameProjectBank/GGJ2021guguji/Content/TeachersMarketplace/Assets/_Shared/Textures/T_Default_ARM.uasset" 18
"../../../Engine/Content/Functions/Engine_MaterialFunctions01/Gradient/LinearGradient.uasset" 19
"../../../../../../GameProjectBank/GGJ2021guguji/Content/Levels/GateLight.uasset" 20
"../../../Engine/Content/Functions/Engine_MaterialFunctions03/Blends/Blend_Overlay.uasset" 21
"../../../Engine/Content/Functions/Engine_MaterialFunctions01/ImageAdjustment/CheapContrast.uasset" 22
"../../../Engine/Content/Functions/Engine_MaterialFunctions01/Texturing/WorldAlignedTexture.uasset" 23
"../../../../../../GameProjectBank/GGJ2021guguji/Content/TeachersMarketplace/Assets/_Shared/Materials/Material_Master.uasset" 24
"../../../../../../GameProjectBank/GGJ2021guguji/Content/TeachersMarketplace/Assets/_Shared/Textures/T_Default_N.uasset" 25
"../../../../../../GameProjectBank/GGJ2021guguji/Content/TeachersMarketplace/Assets/_Shared/Materials/Material_Master_Inst.uasset" 26
"../../../../../../GameProjectBank/GGJ2021guguji/Content/TeachersMarketplace/Assets/Architecture/Kit_Ramp/Material/M_Ramp.uasset" 27
"../../../../../../GameProjectBank/GGJ2021guguji/Content/TeachersMarketplace/Assets/Architecture/Kit_Ramp/Mesh/SM_Kit_Ramp.uasset" 28
"../../../../../../GameProjectBank/GGJ2021guguji/Content/TeachersMarketplace/Assets/Architecture/Kit_Ramp/Mesh/Kit_Ramp.uasset" 29
"../../../../../../GameProjectBank/GGJ2021guguji/Content/Levels/Level2/DownBridge.uasset" 30
"../../../../../../GameProjectBank/GGJ2021guguji/Content/Levels/Level3/FloatingIsland.uasset" 31
"../../../../../../GameProjectBank/GGJ2021guguji/Content/Levels/Level3/UpToStage1.uasset" 32
"../../../../../../GameProjectBank/GGJ2021guguji/Content/Levels/Level4/Elevator.uasset" 33
"../../../../../../GameProjectBank/GGJ2021guguji/Content/Levels/Level4/FloatingIsland.uasset" 34
"../../../../../../GameProjectBank/GGJ2021guguji/Content/Levels/Level4/LevelMove.uasset" 35
"../../../../../../GameProjectBank/GGJ2021guguji/Content/Levels/Level4/UpAndDownPlat.uasset" 36
"../../../../../../GameProjectBank/GGJ2021guguji/Content/Levels/Level4/WayOut.uasset" 37
"../../../../../../GameProjectBank/GGJ2021guguji/Content/ThirdPersonBP/ThirdPersonOverview.uasset" 38
"../../../../../../GameProjectBank/GGJ2021guguji/Content/GameGlobal/eGameStateEnum.uasset" 39
"../../../../../../GameProjectBank/GGJ2021guguji/Content/GameGlobal/GameGlobal.uasset" 40
"../../../../../../GameProjectBank/GGJ2021guguji/Content/UI/continueUI.uasset" 41
"../../../Engine/Content/EngineMeshes/Humanoid.uasset" 42
"../../../../../../GameProjectBank/GGJ2021guguji/Content/TeachersMarketplace/Assets/Character/Character/Mesh/epicCharacter_Rig_Skeleton.uasset" 43
"../../../Engine/Content/Animation/DefaultAnimBoneCompressionSettings.uasset" 44
"../../../../../../GameProjectBank/GGJ2021guguji/Content/TeachersMarketplace/Assets/Character/Character/Animations/ThirdPerson_Retarget/ThirdPersonWalk.uasset" 45
"../../../../../../GameProjectBank/GGJ2021guguji/Content/TeachersMarketplace/Assets/Character/Character/Animations/ThirdPerson_Retarget/ThirdPersonRun.uasset" 46
"../../../../../../GameProjectBank/GGJ2021guguji/Content/TeachersMarketplace/Assets/Character/Character/Animations/ThirdPerson_Retarget/ThirdPersonIdle.uasset" 47
"../../../../../../GameProjectBank/GGJ2021guguji/Content/TeachersMarketplace/Assets/Character/Character/Animations/ThirdPerson_Retarget/ThirdPerson_IdleRun_2D.uasset" 48
"../../../../../../GameProjectBank/GGJ2021guguji/Content/TeachersMarketplace/Assets/Character/Character/Animations/ThirdPerson_Retarget/ThirdPerson_Jump.uasset" 49
"../../../../../../GameProjectBank/GGJ2021guguji/Content/TeachersMarketplace/Assets/Character/Character/Animations/ThirdPerson_Retarget/ThirdPersonJump_Start.uasset" 50
"../../../../../../GameProjectBank/GGJ2021guguji/Content/TeachersMarketplace/Assets/Character/Character/Animations/ThirdPerson_Retarget/ThirdPersonJump_Loop.uasset" 51
"../../../Engine/Content/EditorBlueprintResources/StandardMacros.uasset" 52
"../../../../../../GameProjectBank/GGJ2021guguji/Content/TeachersMarketplace/Assets/Character/Character/Animations/ThirdPerson_Retarget/ThirdPerson_AnimBP.uasset" 53
"../../../../../../GameProjectBank/GGJ2021guguji/Content/TeachersMarketplace/Assets/Character/Character/Texture/T_EpicCharacter_Backpack_RGB.uasset" 54
"../../../../../../GameProjectBank/GGJ2021guguji/Content/TeachersMarketplace/Assets/Character/Character/Texture/T_EpicCharacter_Backpack_BC.uasset" 55
"../../../../../../GameProjectBank/GGJ2021guguji/Content/TeachersMarketplace/Assets/Character/Character/Texture/T_EpicCharacter_Backpack_ARM.uasset" 56
"../../../../../../GameProjectBank/GGJ2021guguji/Content/TeachersMarketplace/Assets/Character/Character/Material/M_epicCharacter_Backpack.uasset" 57
"../../../../../../GameProjectBank/GGJ2021guguji/Content/TeachersMarketplace/Assets/Character/Character/Texture/T_EpicCharacter_Tunic_RGB.uasset" 58
"../../../../../../GameProjectBank/GGJ2021guguji/Content/TeachersMarketplace/Assets/Character/Character/Texture/T_EpicCharacter_Tunic_E.uasset" 59
"../../../../../../GameProjectBank/GGJ2021guguji/Content/TeachersMarketplace/Assets/Character/Character/Texture/T_EpicCharacter_Tunic_ARM.uasset" 60
"../../../../../../GameProjectBank/GGJ2021guguji/Content/TeachersMarketplace/Assets/Character/Character/Texture/T_EpicCharacter_Tunic_BC.uasset" 61
"../../../../../../GameProjectBank/GGJ2021guguji/Content/TeachersMarketplace/Assets/Character/Character/Material/M_epicCharacter_Tunic.uasset" 62
"../../../../../../GameProjectBank/GGJ2021guguji/Content/TeachersMarketplace/Assets/Character/Character/Texture/T_EpicCharacter_Hood_RGB.uasset" 63
"../../../../../../GameProjectBank/GGJ2021guguji/Content/TeachersMarketplace/Assets/Character/Character/Texture/T_EpicCharacter_Hood_BC.uasset" 64
"../../../../../../GameProjectBank/GGJ2021guguji/Content/TeachersMarketplace/Assets/Character/Character/Texture/T_EpicCharacter_Hood_ARM.uasset" 65
"../../../../../../GameProjectBank/GGJ2021guguji/Content/TeachersMarketplace/Assets/_Shared/Textures/T_Default_E.uasset" 66
"../../../../../../GameProjectBank/GGJ2021guguji/Content/TeachersMarketplace/Assets/Character/Character/Material/M_epicCharacter_Hood.uasset" 67
"../../../../../../GameProjectBank/GGJ2021guguji/Content/TeachersMarketplace/Assets/Character/Character/Texture/T_EpicCharacter_Skin_RGB.uasset" 68
"../../../../../../GameProjectBank/GGJ2021guguji/Content/TeachersMarketplace/Assets/Character/Character/Texture/T_EpicCharacter_Skin_BC.uasset" 69
"../../../../../../GameProjectBank/GGJ2021guguji/Content/TeachersMarketplace/Assets/Character/Character/Texture/T_EpicCharacter_Skin_ARM.uasset" 70
"../../../../../../GameProjectBank/GGJ2021guguji/Content/TeachersMarketplace/Assets/Character/Character/Material/M_epicCharacter_Skin.uasset" 71
"../../../../../../GameProjectBank/GGJ2021guguji/Content/TeachersMarketplace/Assets/Character/Character/Texture/T_EpicCharacter_Head_RGB.uasset" 72
"../../../../../../GameProjectBank/GGJ2021guguji/Content/TeachersMarketplace/Assets/Character/Character/Texture/T_EpicCharacter_Head_E.uasset" 73
"../../../../../../GameProjectBank/GGJ2021guguji/Content/TeachersMarketplace/Assets/Character/Character/Texture/T_EpicCharacter_Head_BC.uasset" 74
"../../../../../../GameProjectBank/GGJ2021guguji/Content/TeachersMarketplace/Assets/Character/Character/Texture/T_EpicCharacter_Head_ARM.uasset" 75
"../../../../../../GameProjectBank/GGJ2021guguji/Content/TeachersMarketplace/Assets/Character/Character/Material/M_epicCharacter_Head.uasset" 76
"../../../../../../GameProjectBank/GGJ2021guguji/Content/TeachersMarketplace/Assets/Character/Character/Texture/T_EpicCharacter_Boots_RGB.uasset" 77
"../../../../../../GameProjectBank/GGJ2021guguji/Content/TeachersMarketplace/Assets/Character/Character/Texture/T_EpicCharacter_Boots_BC.uasset" 78
"../../../../../../GameProjectBank/GGJ2021guguji/Content/TeachersMarketplace/Assets/Character/Character/Texture/T_EpicCharacter_Boots_ARM.uasset" 79
"../../../../../../GameProjectBank/GGJ2021guguji/Content/TeachersMarketplace/Assets/Character/Character/Material/M_epicCharacter_Boots.uasset" 80
"../../../../../../GameProjectBank/GGJ2021guguji/Content/TeachersMarketplace/Assets/Character/Character/Texture/T_EpicCharacter_Bedroll_RGB.uasset" 81
"../../../../../../GameProjectBank/GGJ2021guguji/Content/TeachersMarketplace/Assets/Character/Character/Texture/T_EpicCharacter_Bedroll_BC.uasset" 82
"../../../../../../GameProjectBank/GGJ2021guguji/Content/TeachersMarketplace/Assets/Character/Character/Texture/T_EpicCharacter_Bedroll_ARM.uasset" 83
"../../../../../../GameProjectBank/GGJ2021guguji/Content/TeachersMarketplace/Assets/Character/Character/Material/M_epicCharacter_BedRoll.uasset" 84
"../../../../../../GameProjectBank/GGJ2021guguji/Content/TeachersMarketplace/Assets/Character/Character/Mesh/epicCharacter_Rig_PhysicsAsset.uasset" 85
"../../../../../../GameProjectBank/GGJ2021guguji/Content/TeachersMarketplace/Assets/Character/Character/Texture/T_EpicCharacter_SleevesShorts_RGB.uasset" 86
"../../../../../../GameProjectBank/GGJ2021guguji/Content/TeachersMarketplace/Assets/Character/Character/Texture/T_EpicCharacter_SleevesShorts_BC.uasset" 87
"../../../../../../GameProjectBank/GGJ2021guguji/Content/TeachersMarketplace/Assets/Character/Character/Texture/T_EpicCharacter_SleevesShorts_ARM.uasset" 88
"../../../../../../GameProjectBank/GGJ2021guguji/Content/TeachersMarketplace/Assets/Character/Character/Material/M_epicCharacter_SleevesShorts.uasset" 89
"../../../../../../GameProjectBank/GGJ2021guguji/Content/TeachersMarketplace/Assets/Character/Character/Mesh/epicCharacter_Rig.uasset" 90
"../../../../../../GameProjectBank/GGJ2021guguji/Content/ThirdPersonBP/Blueprints/ThirdPersonCharacter.uasset" 91
"../../../../../../GameProjectBank/GGJ2021guguji/Content/GameGlobal/eTalkModeEnum.uasset" 92
"../../../../../../GameProjectBank/GGJ2021guguji/Content/Common/UI/women_2.uasset" 93
"../../../../../../GameProjectBank/GGJ2021guguji/Content/Common/UI/women_1.uasset" 94
"../../../../../../GameProjectBank/GGJ2021guguji/Content/Common/UI/name_bg.uasset" 95
"../../../../../../GameProjectBank/GGJ2021guguji/Content/Common/UI/men_2.uasset" 96
"../../../../../../GameProjectBank/GGJ2021guguji/Content/Common/UI/men_1.uasset" 97
"../../../../../../GameProjectBank/GGJ2021guguji/Content/Common/UI/dialog.uasset" 98
"../../../../../../GameProjectBank/GGJ2021guguji/Content/Common/data/talkDataStruct.uasset" 99
"../../../../../../GameProjectBank/GGJ2021guguji/Content/Common/data/talkData.uasset" 100
"../../../../../../GameProjectBank/GGJ2021guguji/Content/UI/dialogUI.uasset" 101
"../../../Engine/Content/Animation/DefaultAnimCurveCompressionSettings.uasset" 102
"../../../Engine/Content/EngineMaterials/T_Default_Material_Grid_M.uasset" 103
"../../../Engine/Content/EngineMaterials/T_Default_Material_Grid_N.uasset" 104
"../../../Engine/Content/Functions/Engine_MaterialFunctions01/Opacity/CameraDepthFade.uasset" 105
"../../../Engine/Content/EngineMaterials/WorldGridMaterial.uasset" 106
"../../../Engine/Content/ArtTools/RenderToTexture/Meshes/S_1_Unit_Plane.uasset" 107
"../../../Engine/Content/EngineMaterials/DefaultMaterial.uasset" 108
"../../../Engine/Content/BasicShapes/Cone.uasset" 109
"../../../Engine/Content/BasicShapes/Plane.uasset" 110
"../../../Engine/Content/BasicShapes/Sphere.uasset" 111
"../../../Engine/Content/EditorLandscapeResources/DataLayer.uasset" 112
"../../../Engine/Content/EditorLandscapeResources/DefaultAlphaTexture.uasset" 113
"../../../Engine/Content/EditorMaterials/MAT_Groups_Toggle.uasset" 114
"../../../Engine/Content/EditorMaterials/MAT_Groups_Visibility.uasset" 115
"../../../Engine/Content/EditorMaterials/PreviewShadowIndicator.uasset" 116
"../../../Engine/Content/EditorMaterials/PreviewShadowIndicatorMaterial.uasset" 117
"../../../Engine/Content/EditorMaterials/MatineeGroups/MAT_ColorTrack.uasset" 118
"../../../Engine/Content/EditorMaterials/MatineeGroups/MAT_Groups_Anim.uasset" 119
"../../../Engine/Content/EditorMaterials/MatineeGroups/MAT_Groups_AudioMaster.uasset" 120
"../../../Engine/Content/EditorMaterials/MatineeGroups/MAT_Groups_Director.uasset" 121
"../../../Engine/Content/EditorMaterials/MatineeGroups/MAT_Groups_Event.uasset" 122
"../../../Engine/Content/EditorMaterials/MatineeGroups/MAT_Groups_Fade.uasset" 123
"../../../Engine/Content/EditorMaterials/MatineeGroups/MAT_Groups_Float.uasset" 124
"../../../Engine/Content/EditorMaterials/MatineeGroups/MAT_Groups_Move.uasset" 125
"../../../Engine/Content/EditorMaterials/MatineeGroups/MAT_Groups_Slomo.uasset" 126
"../../../Engine/Content/EditorMaterials/MatineeGroups/MAT_Groups_Sound.uasset" 127
"../../../Engine/Content/EditorMaterials/MatineeGroups/MAT_Groups_Vector.uasset" 128
"../../../Engine/Content/EditorMaterials/ParticleSystems/PSysThumbnail_NoImage.uasset" 129
"../../../Engine/Content/EditorMaterials/ParticleSystems/PSysThumbnail_OOD.uasset" 130
"../../../Engine/Content/EditorMaterials/Camera/CineMat.uasset" 131
"../../../Engine/Content/EditorMaterials/Camera/MI_CineMat_Rig.uasset" 132
"../../../Engine/Content/EditorMeshes/Camera/SM_CraneRig_Arm.uasset" 133
"../../../Engine/Content/EditorMeshes/Camera/SM_CraneRig_Base.uasset" 134
"../../../Engine/Content/EditorMeshes/Camera/SM_CraneRig_Body.uasset" 135
"../../../Engine/Content/EditorMeshes/Camera/SM_CraneRig_Mount.uasset" 136
"../../../Engine/Content/EditorMeshes/Camera/SM_RailRig_Mount.uasset" 137
"../../../Engine/Content/EditorMeshes/Camera/SM_RailRig_Track.uasset" 138
"../../../Engine/Content/EditorResources/BSPVertex.uasset" 139
"../../../Engine/Content/EditorResources/EmptyActor.uasset" 140
"../../../Engine/Content/EditorResources/S_Actor.uasset" 141
"../../../Engine/Content/EditorResources/S_Note.uasset" 142
"../../../Engine/Content/EditorResources/S_Solver.uasset" 143
"../../../Engine/Content/EditorResources/S_Terrain.uasset" 144
"../../../Engine/Content/EditorResources/S_Trigger.uasset" 145
"../../../Engine/Content/EditorResources/LightIcons/S_LightError.uasset" 146
"../../../Engine/Content/EditorResources/SequenceRecorder/Countdown.uasset" 147
"../../../Engine/Content/EditorResources/SequenceRecorder/RecordingIndicator.uasset" 148
"../../../Engine/Content/EngineDamageTypes/DmgTypeBP_Environmental.uasset" 149
"../../../Engine/Content/EngineDebugMaterials/DebugEditorMaterial.uasset" 150
"../../../Engine/Content/EngineDebugMaterials/DebugMeshMaterial.uasset" 151
"../../../Engine/Content/EngineDebugMaterials/M_SimpleUnlitTranslucent.uasset" 152
"../../../Engine/Content/EngineDebugMaterials/VolumeToRender.uasset" 153
"../../../Engine/Content/Functions/Engine_MaterialFunctions02/Utility/CameraDirectionVector.uasset" 154
"../../../Engine/Content/EngineDebugMaterials/M_VolumeRenderSphereTracePP.uasset" 155
"../../../Engine/Content/Functions/Engine_MaterialFunctions01/Shading/ConvertFromDiffSpec.uasset" 156
"../../../Engine/Content/EngineDebugMaterials/VertexColorMaterial.uasset" 157
"../../../Engine/Content/EngineDebugMaterials/WireframeMaterial.uasset" 158
"../../../Engine/Content/EngineMaterials/BaseFlattenNormalMap.uasset" 159
"../../../Engine/Content/EngineMaterials/BaseFlattenGrayscaleMap.uasset" 160
"../../../Engine/Content/EngineMaterials/BaseFlattenEmissiveMap.uasset" 161
"../../../Engine/Content/EngineMaterials/BaseFlattenDiffuseMap.uasset" 162
"../../../Engine/Content/EngineMaterials/BaseFlattenMaterial.uasset" 163
"../../../Engine/Content/EngineMaterials/BlueNoise.uasset" 164
"../../../Engine/Content/EngineMaterials/DefaultBloomKernel.uasset" 165
"../../../Engine/Content/EngineMaterials/DefaultBokeh.uasset" 166
"../../../Engine/Content/EngineMaterials/DefaultDeferredDecalMaterial.uasset" 167
"../../../Engine/Content/EngineMaterials/DefaultLightFunctionMaterial.uasset" 168
"../../../Engine/Content/EngineMaterials/DefaultPhysicalMaterial.uasset" 169
"../../../Engine/Content/Functions/Engine_MaterialFunctions02/Utility/BreakOutFloat2Components.uasset" 170
"../../../Engine/Content/EngineMaterials/DefaultPostProcessMaterial.uasset" 171
"../../../Engine/Content/EngineFonts/RobotoDistanceField.uasset" 172
"../../../Engine/Content/EngineMaterials/DefaultTextMaterialOpaque.uasset" 173
"../../../Engine/Content/EngineMaterials/DefaultWhiteGrid.uasset" 174
"../../../Engine/Content/EngineMaterials/DefaultWhiteGrid_Low.uasset" 175
"../../../Engine/Content/EngineMaterials/EmissiveMeshMaterial.uasset" 176
"../../../Engine/Content/EngineMaterials/GizmoMaterial.uasset" 177
"../../../Engine/Content/EngineMaterials/Good64x64TilingNoiseHighFreq.uasset" 178
"../../../Engine/Content/EngineMaterials/MiniFont.uasset" 179
"../../../Engine/Content/EngineMaterials/InvalidLightmapSettings.uasset" 180
"../../../Engine/Content/EngineMaterials/M_InvalidLightmapSettings.uasset" 181
"../../../Engine/Content/Functions/Engine_MaterialFunctions02/WorldPositionOffset/CameraOffset.uasset" 182
"../../../Engine/Content/EngineMaterials/PhAT_JointLimitMaterial.uasset" 183
"../../../Engine/Content/EngineMaterials/PreintegratedSkinBRDF.uasset" 184
"../../../Engine/Content/EngineMaterials/RemoveSurfaceMaterial.uasset" 185
"../../../Engine/Content/EngineMaterials/WeightMapPlaceholderTexture.uasset" 186
"../../../Engine/Content/EngineResources/WhiteSquareTexture.uasset" 187
"../../../Engine/Content/EngineMaterials/Widget3DPassThrough.uasset" 188
"../../../Engine/Content/EngineMaterials/Widget3DPassThrough_Masked.uasset" 189
"../../../Engine/Content/EngineMaterials/Widget3DPassThrough_Opaque.uasset" 190
"../../../Engine/Content/EngineMaterials/Widget3DPassThrough_Masked_OneSided.uasset" 191
"../../../Engine/Content/EngineMaterials/Widget3DPassThrough_Opaque_OneSided.uasset" 192
"../../../Engine/Content/EngineMaterials/Widget3DPassThrough_Translucent.uasset" 193
"../../../Engine/Content/EngineMaterials/Widget3DPassThrough_Translucent_OneSided.uasset" 194
"../../../Engine/Content/EngineMeshes/Cube.uasset" 195
"../../../Engine/Content/EngineMeshes/Cylinder.uasset" 196
"../../../Engine/Content/EngineMeshes/Sphere.uasset" 197
"../../../Engine/Content/EngineResources/Black.uasset" 198
"../../../Engine/Content/EngineResources/DefaultTextureCube.uasset" 199
"../../../Engine/Content/EngineResources/DefaultVolumeTexture2D.uasset" 200
"../../../Engine/Content/EngineResources/DefaultVolumeTexture.uasset" 201
"../../../Engine/Content/EngineResources/GradientTexture0.uasset" 202
"../../../Engine/Content/EngineSky/VolumetricClouds/T_NoiseShape64.uasset" 203
"../../../Engine/Content/EngineSky/VolumetricClouds/T_VolumeNoiseShape64.uasset" 204
"../../../Engine/Content/EngineSky/VolumetricClouds/T_NoiseErosion.uasset" 205
"../../../Engine/Content/EngineSky/VolumetricClouds/T_VolumeNoiseErosion32.uasset" 206
"../../../Engine/Content/EngineSky/VolumetricClouds/CloudWeatherTexture.uasset" 207
"../../../Engine/Content/EngineSky/VolumetricClouds/CloudGradientTexture.uasset" 208
"../../../Engine/Content/Functions/Engine_MaterialFunctions02/Utility/MakeFloat2.uasset" 209
"../../../Engine/Content/EngineSky/VolumetricClouds/m_SimpleVolumetricCloud.uasset" 210
"../../../Engine/Content/EngineSky/VolumetricClouds/m_SimpleVolumetricCloud_Inst.uasset" 211
"../../../Engine/Content/EngineSounds/Master.uasset" 212
"../../../Engine/Content/Functions/Engine_MaterialFunctions01/Shading/PowerToRoughness.uasset" 213
"../../../Engine/Content/Maps/Templates/Thumbnails/Default.uasset" 214
"../../../Engine/Content/Maps/Templates/Thumbnails/TimeOfDay.uasset" 215
"../../../Engine/Content/Maps/Templates/Thumbnails/VR-Basic.uasset" 216
"../../../Engine/Content/MobileResources/T_MobileControls_texture.uasset" 217
"../../../Engine/Content/MobileResources/T_MobileMenu2.uasset" 218
"../../../Engine/Content/MobileResources/HUD/AnalogHat.uasset" 219
"../../../Engine/Content/MobileResources/HUD/VirtualJoystick_Thumb.uasset" 220
"../../../Engine/Content/MobileResources/HUD/VirtualJoystick_Background.uasset" 221
"../../../Engine/Content/MobileResources/HUD/DefaultVirtualJoysticks.uasset" 222
"../../../Engine/Content/MobileResources/HUD/LeftVirtualJoystickOnly.uasset" 223
"../../../Engine/Content/MobileResources/HUD/MobileHUDButton1_off.uasset" 224
"../../../Engine/Content/MobileResources/HUD/MobileHUDButton1_on.uasset" 225
"../../../Engine/Content/MobileResources/HUD/MobileHUDButton2_off.uasset" 226
"../../../Engine/Content/MobileResources/HUD/MobileHUDButton2_on.uasset" 227
"../../../Engine/Content/MobileResources/HUD/MobileHUDButton3.uasset" 228
"../../../Engine/Content/MobileResources/HUD/MobileHUDButtonFire.uasset" 229
"../../../Engine/Content/MobileResources/HUD/MobileHUDDirectionPad.uasset" 230
"../../../Engine/Content/MobileResources/HUD/MobileHUDDirectionPad2.uasset" 231
"../../../Engine/Content/MobileResources/HUD/MobileHUDDirectionPad3.uasset" 232
"../../../Engine/Content/MobileResources/HUD/MobileHUDDirectionStick.uasset" 233
"../../../Engine/Content/MobileResources/HUD/T_Castle_ThumbstickInner.uasset" 234
"../../../Engine/Content/MobileResources/HUD/T_Castle_ThumbstickOutter.uasset" 235
"../../../Engine/Content/Tutorial/ContentIntroCurve.uasset" 236
"../../../Engine/Content/Tutorial/Basics/LevelEditorAttract.uasset" 237
"../../../Engine/Content/Tutorial/Basics/TutorialAssets/icon_tab_Levels_40x.uasset" 238
"../../../Engine/Content/Tutorial/Basics/LevelEditorOverview.uasset" 239
"../../../Engine/Content/Tutorial/SubEditors/StaticMeshEditorTutorial.uasset" 240
"../../../Engine/Content/VREditor/TransformGizmo/TranslucentTransformGizmoMaterial.uasset" 241
"../../../Engine/Content/VREditor/LaserPointer/VR_LaserPower_01.uasset" 242
"../../../Engine/Content/VREditor/TransformGizmo/TransformGizmoMaterial.uasset" 243
"../../../Engine/Content/VREditor/TransformGizmo/BoundingBoxCorner.uasset" 244
"../../../Engine/Content/VREditor/TransformGizmo/BoundingBoxEdge.uasset" 245
"../../../Engine/Content/VREditor/TransformGizmo/PlaneTranslationHandle.uasset" 246
"../../../Engine/Content/VREditor/TransformGizmo/Xray.uasset" 247
"../../../Engine/Content/VREditor/TransformGizmo/Main.uasset" 248
"../../../Engine/Content/VREditor/TransformGizmo/SM_Sequencer_Key.uasset" 249
"../../../Engine/Content/VREditor/TransformGizmo/SM_Sequencer_Node.uasset" 250
"../../Plugins/2D/Paper2D/Content/PlaceholderTextures/DummySpriteTexture.uasset" 251
"../../Plugins/2D/Paper2D/Content/DummySprite.uasset" 252
"../../Plugins/2D/Paper2D/Content/DefaultPaperTerrainMaterial.uasset" 253
"../../Plugins/2D/Paper2D/Content/DefaultSpriteMaterial.uasset" 254
"../../Plugins/2D/Paper2D/Content/MaskedUnlitSpriteMaterial.uasset" 255
"../../Plugins/2D/Paper2D/Content/OpaqueUnlitSpriteMaterial.uasset" 256
"../../../Engine/Content/Functions/Engine_MaterialFunctions02/Utility/BreakOutFloat3Components.uasset" 257
"../../../Engine/Content/Functions/Engine_MaterialFunctions02/ObjectLocalBounds.uasset" 258
"../../../Engine/Content/Functions/Engine_MaterialFunctions02/UVs/BoundingBoxBased_0-1_UVW.uasset" 259
"../../../Engine/Content/EngineResources/DefaultTexture.uasset" 260
"../../../Engine/Content/Functions/Engine_MaterialFunctions02/SafeNormalize.uasset" 261
"../../Plugins/Editor/SpeedTreeImporter/Content/SpeedTree9/UnpackInteger3.uasset" 262
"../../Plugins/Editor/SpeedTreeImporter/Content/SpeedTree9/UnpackDirection.uasset" 263
"../../Plugins/Editor/SpeedTreeImporter/Content/SpeedTree9/game_wind_noise.uasset" 264
"../../Plugins/Editor/SpeedTreeImporter/Content/SpeedTree9/SpeedTreeWindMotion.uasset" 265
"../../Plugins/Editor/SpeedTreeImporter/Content/SpeedTree9/SpeedTreeBranchMotion.uasset" 266
"../../Plugins/Editor/SpeedTreeImporter/Content/SpeedTree9/SpeedTreeWind.uasset" 267
"../../Plugins/Editor/SpeedTreeImporter/Content/SpeedTree9/SpeedTreeBillboard.uasset" 268
"../../Plugins/Editor/SpeedTreeImporter/Content/SpeedTree9/SpeedTreeBillboardMaster.uasset" 269
"../../Plugins/Editor/SpeedTreeImporter/Content/SpeedTree9/SpeedTreeCameraFacing.uasset" 270
"../../Plugins/Editor/SpeedTreeImporter/Content/SpeedTree9/SpeedTreeMaster.uasset" 271
"../../../Engine/Content/BasicShapes/Cylinder.uasset" 272
"../../../Engine/Content/ArtTools/RenderToTexture/Materials/Debug/M_Emissive_Color.uasset" 273
"../../Plugins/Lumin/MagicLeapPassableWorld/Content/MagicLeapARPinInfoActor.uasset" 274
"../../../Engine/Content/Functions/Engine_MaterialFunctions02/Utility/BreakOutFloat4Components.uasset" 275
"../../../Engine/Content/Functions/Engine_MaterialFunctions02/Utility/MakeFloat3.uasset" 276
"../../Plugins/Runtime/Oculus/OculusVR/Content/Materials/OculusMR_ChromaKey.uasset" 277
"../../Plugins/Runtime/Oculus/OculusVR/Content/Materials/OculusMR_OpaqueColoredMaterial.uasset" 278
"../../Plugins/Runtime/Oculus/OculusVR/Content/Materials/PokeAHoleMaterial.uasset" 279
"../../../Engine/Content/BasicShapes/Cube.uasset" 280
"../../../Engine/Content/EngineFonts/Faces/RobotoRegular.uasset" 281
"../../../Engine/Content/EngineFonts/Faces/RobotoLight.uasset" 282
"../../../Engine/Content/EngineFonts/Faces/RobotoItalic.uasset" 283
"../../../Engine/Content/EngineFonts/Faces/RobotoBoldItalic.uasset" 284
"../../../Engine/Content/EngineFonts/Faces/RobotoBold.uasset" 285
"../../../Engine/Content/EngineFonts/Faces/DroidSansFallback.uasset" 286
"../../../Engine/Content/EngineFonts/Roboto.uasset" 287
"../../../../../../GameProjectBank/GGJ2021guguji/Content/UI/DataTable/TypeTable.uasset" 288
"../../../../../../GameProjectBank/GGJ2021guguji/Content/UI/startUI.uasset" 289
"../../../Engine/Content/EngineSky/T_Sky_Stars.uasset" 290
"../../../Engine/Content/EngineSky/T_Sky_Clouds_M.uasset" 291
"../../../Engine/Content/EngineSky/T_Sky_Blue.uasset" 292
"../../../Engine/Content/EngineSky/M_Sky_Panning_Clouds2.uasset" 293
"../../../Engine/Content/EngineSky/SM_SkySphere.uasset" 294
"../../../Engine/Content/EngineSky/C_Sky_Zenith_Color.uasset" 295
"../../../Engine/Content/EngineSky/C_Sky_Horizon_Color.uasset" 296
"../../../Engine/Content/EngineSky/C_Sky_Cloud_Color.uasset" 297
"../../../Engine/Content/EngineSky/BP_Sky_Sphere.uasset" 298
"../../../../../../GameProjectBank/GGJ2021guguji/Content/Geometry/Meshes/CubeMaterial.uasset" 299
"../../../../../../GameProjectBank/GGJ2021guguji/Content/GameGlobal/triggerTypeStruct.uasset" 300
"../../../../../../GameProjectBank/GGJ2021guguji/Content/StarterContent/Textures/T_Rock_Sandstone_N.uasset" 301
"../../../../../../GameProjectBank/GGJ2021guguji/Content/StarterContent/Textures/T_Rock_Sandstone_D.uasset" 302
"../../../../../../GameProjectBank/GGJ2021guguji/Content/StarterContent/Textures/T_MacroVariation.uasset" 303
"../../../../../../GameProjectBank/GGJ2021guguji/Content/StarterContent/Materials/M_Rock_Sandstone.uasset" 304
"../../../../../../GameProjectBank/GGJ2021guguji/Content/GameBlueprint/openButtonBP.uasset" 305
"../../../../../../GameProjectBank/GGJ2021guguji/Content/TeachersMarketplace/Assets/Props/Levers/Lever_A/Texture/T_Player_Lever_A_BC.uasset" 306
"../../../../../../GameProjectBank/GGJ2021guguji/Content/TeachersMarketplace/Assets/Props/Levers/Lever_A/Texture/T_Player_Lever_A_ARM.uasset" 307
"../../../../../../GameProjectBank/GGJ2021guguji/Content/TeachersMarketplace/Assets/Props/Levers/Lever_A/Texture/T_Lever_A_E.uasset" 308
"../../../../../../GameProjectBank/GGJ2021guguji/Content/TeachersMarketplace/Assets/Props/Levers/Lever_A/Material/M_Lever_A.uasset" 309
"../../../../../../GameProjectBank/GGJ2021guguji/Content/Common/assets/Props/Levers/Lever_A/Mesh/SM_Player_Lever_Handle.uasset" 310
"../../../../../../GameProjectBank/GGJ2021guguji/Content/Common/assets/Props/Levers/Lever_A/Mesh/SM_Player_Lever_Base.uasset" 311
"../../../../../../GameProjectBank/GGJ2021guguji/Content/Common/assets/Props/Levers/Lever_A/Material/M_Lever_A.uasset" 312
"../../../../../../GameProjectBank/GGJ2021guguji/Content/GameBlueprint/openRodBp.uasset" 313
"../../../../../../GameProjectBank/GGJ2021guguji/Content/Common/FixedCamera.uasset" 314
"../../../../../../GameProjectBank/GGJ2021guguji/Content/TeachersMarketplace/Assets/VFX/Pollen/VFX_aura_noise_M.uasset" 315
"../../../Engine/Content/Functions/Engine_MaterialFunctions01/Density/ExponentialDensity.uasset" 316
"../../../Engine/Content/Functions/Engine_MaterialFunctions01/Gradient/RadialGradientExponential.uasset" 317
"../../../../../../GameProjectBank/GGJ2021guguji/Content/TeachersMarketplace/Assets/VFX/Pollen/vfx_aura.uasset" 318
"../../../../../../GameProjectBank/GGJ2021guguji/Content/TeachersMarketplace/Assets/VFX/Pollen/vfx_pollem_camerafade_MI.uasset" 319
"../../../../../../GameProjectBank/GGJ2021guguji/Content/TeachersMarketplace/Assets/VFX/Pollen/vfx_pollen_magic_camera_fade.uasset" 320
"../../../../../../GameProjectBank/GGJ2021guguji/Content/TeachersMarketplace/Assets/VFX/LightRay/vfx_lightray_card_01_O.uasset" 321
"../../../../../../GameProjectBank/GGJ2021guguji/Content/TeachersMarketplace/Assets/VFX/LightRay/vfx_Light_Ray_01_M.uasset" 322
"../../../../../../GameProjectBank/GGJ2021guguji/Content/TeachersMarketplace/Assets/VFX/LightRay/vfx_Fog_01_M.uasset" 323
"../../../../../../GameProjectBank/GGJ2021guguji/Content/TeachersMarketplace/Assets/VFX/LightRay/vfx_lightray_01_bright_MAT.uasset" 324
"../../../../../../GameProjectBank/GGJ2021guguji/Content/TeachersMarketplace/Assets/VFX/LightRay/vfx_lightray_01_bright_MI.uasset" 325
"../../../../../../GameProjectBank/GGJ2021guguji/Content/TeachersMarketplace/Assets/VFX/LightRay/vfx_lightray_card_01_P1_soft1_sea.uasset" 326
"../../../../../../GameProjectBank/GGJ2021guguji/Content/TeachersMarketplace/Assets/Environment/Islands/Texture/T_FloatingIsland_Bot_S_BC.uasset" 327
"../../../../../../GameProjectBank/GGJ2021guguji/Content/TeachersMarketplace/Assets/Environment/Islands/Texture/T_FloatingIsland_Bot_S_ARM.uasset" 328
"../../../../../../GameProjectBank/GGJ2021guguji/Content/TeachersMarketplace/Assets/Environment/Islands/Texture/T_FloatingIsland_Bot_M_BC.uasset" 329
"../../../../../../GameProjectBank/GGJ2021guguji/Content/TeachersMarketplace/Assets/Environment/Islands/Texture/T_FloatingIsland_Bot_M_ARM.uasset" 330
"../../../../../../GameProjectBank/GGJ2021guguji/Content/TeachersMarketplace/Assets/Environment/Islands/Texture/T_FloatingIsland_Ground_BC.uasset" 331
"../../../../../../GameProjectBank/GGJ2021guguji/Content/TeachersMarketplace/Assets/Environment/Islands/Texture/T_FloatingIsland_Ground_ARM.uasset" 332
"../../../../../../GameProjectBank/GGJ2021guguji/Content/TeachersMarketplace/Assets/Environment/Islands/Material/M_FloatingIsland_Ground.uasset" 333
"../../../../../../GameProjectBank/GGJ2021guguji/Content/TeachersMarketplace/Assets/Environment/Islands/Material/M_FloatingIsland_Bot_M.uasset" 334
"../../../../../../GameProjectBank/GGJ2021guguji/Content/TeachersMarketplace/Assets/Environment/Islands/Material/M_FloatingIsland_Bot_S.uasset" 335
"../../../../../../GameProjectBank/GGJ2021guguji/Content/TeachersMarketplace/Assets/_Shared/Textures/Grass_Tile_D.uasset" 336
"../../../../../../GameProjectBank/GGJ2021guguji/Content/TeachersMarketplace/Assets/_Shared/Textures/Grass_Tile_ARM.uasset" 337
"../../../../../../GameProjectBank/GGJ2021guguji/Content/TeachersMarketplace/Assets/_Shared/Materials/M_Grass_Master.uasset" 338
"../../../../../../GameProjectBank/GGJ2021guguji/Content/TeachersMarketplace/Assets/Environment/Islands/Mesh/SM_FloatingIsland_S.uasset" 339
"../../../../../../GameProjectBank/GGJ2021guguji/Content/TeachersMarketplace/Assets/Environment/Islands/Mesh/SM_FloatingIsland_M.uasset" 340
"../../../../../../GameProjectBank/GGJ2021guguji/Content/TeachersMarketplace/Assets/Environment/Clouds/Texture/T_Cloud_RGB.uasset" 341
"../../../../../../GameProjectBank/GGJ2021guguji/Content/TeachersMarketplace/Assets/Environment/Clouds/Texture/T_Cloud_E.uasset" 342
"../../../../../../GameProjectBank/GGJ2021guguji/Content/TeachersMarketplace/Assets/Environment/Clouds/Texture/T_Cloud_BC.uasset" 343
"../../../../../../GameProjectBank/GGJ2021guguji/Content/TeachersMarketplace/Assets/Environment/Clouds/Texture/T_Cloud_ARM.uasset" 344
"../../../../../../GameProjectBank/GGJ2021guguji/Content/TeachersMarketplace/Assets/Environment/Clouds/Material/M_Cloud_01.uasset" 345
"../../../../../../GameProjectBank/GGJ2021guguji/Content/TeachersMarketplace/Assets/Environment/Clouds/Mesh/SM_Cloud_D.uasset" 346
"../../../../../../GameProjectBank/GGJ2021guguji/Content/TeachersMarketplace/Assets/Environment/Clouds/Mesh/SM_Cloud_B.uasset" 347
"../../../../../../GameProjectBank/GGJ2021guguji/Content/TeachersMarketplace/Assets/Environment/Clouds/Mesh/SM_Cloud_A.uasset" 348
"../../../../../../GameProjectBank/GGJ2021guguji/Content/TeachersMarketplace/Assets/Architecture/Kit_Floor/Texture/T_Kit_Floor_BC.uasset" 349
"../../../../../../GameProjectBank/GGJ2021guguji/Content/TeachersMarketplace/Assets/Architecture/Kit_Floor/Texture/T_Kit_Floor_ARM.uasset" 350
"../../../../../../GameProjectBank/GGJ2021guguji/Content/TeachersMarketplace/Assets/Architecture/Kit_Floor/Material/M_Kit_Floor.uasset" 351
"../../../../../../GameProjectBank/GGJ2021guguji/Content/TeachersMarketplace/Assets/Architecture/Merged_Actors/MA_setDressing_c.uasset" 352
"../../../../../../GameProjectBank/GGJ2021guguji/Content/TeachersMarketplace/Assets/Architecture/Kit_Roof/Texture/T_Kit_Roof_Straight_BC.uasset" 353
"../../../../../../GameProjectBank/GGJ2021guguji/Content/TeachersMarketplace/Assets/Architecture/Kit_Roof/Texture/T_Kit_Roof_Straight_ARM.uasset" 354
"../../../../../../GameProjectBank/GGJ2021guguji/Content/TeachersMarketplace/Assets/Architecture/Kit_Roof/Material/M_Kit_Roof_Straight.uasset" 355
"../../../../../../GameProjectBank/GGJ2021guguji/Content/TeachersMarketplace/Assets/Architecture/Kit_Roof/Mesh/SM_Kit_Roof_Straight.uasset" 356
"../../../../../../GameProjectBank/GGJ2021guguji/Content/TeachersMarketplace/Assets/Props/PuzzlePieces/PuzzleSphere_A/Texture/T_PuzzleSphere_A_RGB.uasset" 357
"../../../../../../GameProjectBank/GGJ2021guguji/Content/TeachersMarketplace/Assets/Props/PuzzlePieces/PuzzleSphere_A/Texture/T_PuzzleSphere_A_E.uasset" 358
"../../../../../../GameProjectBank/GGJ2021guguji/Content/TeachersMarketplace/Assets/Props/PuzzlePieces/PuzzleSphere_A/Texture/T_PuzzleSphere_A_BC.uasset" 359
"../../../../../../GameProjectBank/GGJ2021guguji/Content/TeachersMarketplace/Assets/Props/PuzzlePieces/PuzzleSphere_A/Texture/T_PuzzleSphere_A_ARM.uasset" 360
"../../../../../../GameProjectBank/GGJ2021guguji/Content/TeachersMarketplace/Assets/Props/PuzzlePieces/PuzzleSphere_A/Material/M_PuzzleSphere_A.uasset" 361
"../../../../../../GameProjectBank/GGJ2021guguji/Content/TeachersMarketplace/Assets/Props/PuzzlePieces/PuzzleSphere_A/Material/M_PuzzleSphere_A_2.uasset" 362
"../../../../../../GameProjectBank/GGJ2021guguji/Content/TeachersMarketplace/Assets/Props/PuzzlePieces/PuzzleCube_A/Texture/T_PuzzleCube_A_RGB.uasset" 363
"../../../../../../GameProjectBank/GGJ2021guguji/Content/TeachersMarketplace/Assets/Props/PuzzlePieces/PuzzleCube_A/Texture/T_PuzzleCube_A_E.uasset" 364
"../../../../../../GameProjectBank/GGJ2021guguji/Content/TeachersMarketplace/Assets/Props/PuzzlePieces/PuzzleCube_A/Texture/T_PuzzleCube_A_BC.uasset" 365
"../../../../../../GameProjectBank/GGJ2021guguji/Content/TeachersMarketplace/Assets/Props/PuzzlePieces/PuzzleCube_A/Texture/T_PuzzleCube_A_ARM.uasset" 366
"../../../../../../GameProjectBank/GGJ2021guguji/Content/TeachersMarketplace/Assets/Props/PuzzlePieces/PuzzleCube_A/Material/M_PuzzleCube_A.uasset" 367
"../../../../../../GameProjectBank/GGJ2021guguji/Content/TeachersMarketplace/Assets/Architecture/Gate/Texture/T_Forcefield_RGB.uasset" 368
"../../../../../../GameProjectBank/GGJ2021guguji/Content/TeachersMarketplace/Assets/Architecture/Gate/Texture/T_Forcefield_E.uasset" 369
"../../../../../../GameProjectBank/GGJ2021guguji/Content/TeachersMarketplace/Assets/Architecture/Gate/Material/M_forcefield.uasset" 370
"../../../../../../GameProjectBank/GGJ2021guguji/Content/TeachersMarketplace/Assets/Architecture/Gate/Material/M_Forcefield_Inst.uasset" 371
"../../../../../../GameProjectBank/GGJ2021guguji/Content/Levels/Level1/Level1_BuiltData.uasset" 372
"../../../../../../GameProjectBank/GGJ2021guguji/Content/Levels/Level1/Level1GameMode.uasset" 373
"../../../../../../GameProjectBank/GGJ2021guguji/Content/TeachersMarketplace/Assets/Architecture/Kit_Roof/Texture/T_Kit_Roof_Corner_Out_BC.uasset" 374
"../../../../../../GameProjectBank/GGJ2021guguji/Content/TeachersMarketplace/Assets/Architecture/Kit_Roof/Texture/T_Kit_Roof_Corner_Out_ARM.uasset" 375
"../../../../../../GameProjectBank/GGJ2021guguji/Content/TeachersMarketplace/Assets/Architecture/Kit_Roof/Material/M_Kit_Roof_Corner_Out.uasset" 376
"../../../../../../GameProjectBank/GGJ2021guguji/Content/TeachersMarketplace/Assets/Architecture/Kit_Roof/Mesh/SM_Kit_Roof_Corner_Out.uasset" 377
"../../../../../../GameProjectBank/GGJ2021guguji/Content/TeachersMarketplace/Assets/Architecture/Kit_Wall/Texture/T_Kit_Wall_Straight_BC.uasset" 378
"../../../../../../GameProjectBank/GGJ2021guguji/Content/TeachersMarketplace/Assets/Architecture/Kit_Wall/Texture/T_Kit_Wall_Straight_ARM.uasset" 379
"../../../../../../GameProjectBank/GGJ2021guguji/Content/TeachersMarketplace/Assets/Architecture/Kit_Wall/Material/M_Kit_Wall_Straight.uasset" 380
"../../../../../../GameProjectBank/GGJ2021guguji/Content/TeachersMarketplace/Assets/Architecture/Kit_Wall/Mesh/SM_Kit_Wall_Straight.uasset" 381
"../../../../../../GameProjectBank/GGJ2021guguji/Content/TeachersMarketplace/Assets/Architecture/Kit_Wall/Texture/T_Kit_Wall_Window_BC.uasset" 382
"../../../../../../GameProjectBank/GGJ2021guguji/Content/TeachersMarketplace/Assets/Architecture/Kit_Wall/Texture/T_Kit_Wall_Window_ARM.uasset" 383
"../../../../../../GameProjectBank/GGJ2021guguji/Content/TeachersMarketplace/Assets/Architecture/Kit_Wall/Material/M_Kit_Wall_Window.uasset" 384
"../../../../../../GameProjectBank/GGJ2021guguji/Content/TeachersMarketplace/Assets/Architecture/Kit_Wall/Mesh/SM_Kit_Wall_Window.uasset" 385
"../../../../../../GameProjectBank/GGJ2021guguji/Content/Levels/BluePrints/Spawner/Spawner.uasset" 386
"../../../../../../GameProjectBank/GGJ2021guguji/Content/TeachersMarketplace/Assets/Architecture/Gate/Texture/T_Large_Gate_BC.uasset" 387
"../../../../../../GameProjectBank/GGJ2021guguji/Content/TeachersMarketplace/Assets/Architecture/Gate/Texture/T_Large_Gate_ARM.uasset" 388
"../../../../../../GameProjectBank/GGJ2021guguji/Content/TeachersMarketplace/Assets/Architecture/Gate/Material/M_Large_Gate.uasset" 389
"../../../../../../GameProjectBank/GGJ2021guguji/Content/TeachersMarketplace/Assets/Architecture/Gate/Texture/T_Forcefield_O.uasset" 390
"../../../../../../GameProjectBank/GGJ2021guguji/Content/TeachersMarketplace/Assets/Architecture/Gate/Texture/T_Forcefield_BC.uasset" 391
"../../../../../../GameProjectBank/GGJ2021guguji/Content/TeachersMarketplace/Assets/Architecture/Gate/Material/MI_forcefield_LD.uasset" 392
"../../../../../../GameProjectBank/GGJ2021guguji/Content/TeachersMarketplace/Assets/Architecture/Gate/Mesh/SM_Large_Gate_01.uasset" 393
"../../../../../../GameProjectBank/GGJ2021guguji/Content/TeachersMarketplace/Assets/Props/PuzzlePieces/PuzzleCube_A/Mesh/SM_PuzzleCube_A.uasset" 394
"../../../../../../GameProjectBank/GGJ2021guguji/Content/Levels/BluePrints/Box/box.uasset" 395
"../../../../../../GameProjectBank/GGJ2021guguji/Content/Geometry/Meshes/1M_Cube.uasset" 396
"../../../../../../GameProjectBank/GGJ2021guguji/Content/Levels/BluePrints/Line/LineMesh.uasset" 397
"../../../../../../GameProjectBank/GGJ2021guguji/Content/Levels/BluePrints/Line/Line.uasset" 398
"../../../../../../GameProjectBank/GGJ2021guguji/Content/TeachersMarketplace/Assets/Character/Character/Mesh/JJ_Skin3_Skeleton.uasset" 399
"../../../../../../GameProjectBank/GGJ2021guguji/Content/TeachersMarketplace/Assets/Character/Character/Mesh/JJ_Skin3_PhysicsAsset.uasset" 400
"../../../../../../GameProjectBank/GGJ2021guguji/Content/TeachersMarketplace/Assets/Character/Character/Mesh/lambert2_002.uasset" 401
"../../../../../../GameProjectBank/GGJ2021guguji/Content/TeachersMarketplace/Assets/Character/Character/Mesh/JJ_Skin3.uasset" 402
"../../../Engine/Content/MapTemplates/Materials/BasicAsset01.uasset" 403
"../../../../../../GameProjectBank/GGJ2021guguji/Content/GameBlueprint/GJJBP.uasset" 404
"../../../../../../GameProjectBank/GGJ2021guguji/Content/StarterContent/Textures/T_Wood_Floor_Walnut_N.uasset" 405
"../../../../../../GameProjectBank/GGJ2021guguji/Content/StarterContent/Textures/T_Wood_Floor_Walnut_M.uasset" 406
"../../../../../../GameProjectBank/GGJ2021guguji/Content/StarterContent/Textures/T_Wood_Floor_Walnut_D.uasset" 407
"../../../../../../GameProjectBank/GGJ2021guguji/Content/StarterContent/Materials/M_Wood_Floor_Walnut_Polished.uasset" 408
"../../../../../../GameProjectBank/GGJ2021guguji/Content/GameBlueprint/doorGate2.uasset" 409
"../../../../../../GameProjectBank/GGJ2021guguji/Content/Levels/Level1/Level1.umap" 410
"../../../../../../GameProjectBank/GGJ2021guguji/Content/AdvancedVillagePack/Textures/T_Pack_03_E.uasset" 411
"../../../../../../GameProjectBank/GGJ2021guguji/Content/AdvancedVillagePack/Textures/T_Pack_01_RM.uasset" 412
"../../../../../../GameProjectBank/GGJ2021guguji/Content/AdvancedVillagePack/Textures/T_Pack_01_N.uasset" 413
"../../../../../../GameProjectBank/GGJ2021guguji/Content/AdvancedVillagePack/Textures/T_Pack_01_D.uasset" 414
"../../../../../../GameProjectBank/GGJ2021guguji/Content/AdvancedVillagePack/Textures/T_Detail_N.uasset" 415
"../../../../../../GameProjectBank/GGJ2021guguji/Content/AdvancedVillagePack/Materials/M_Uber.uasset" 416
"../../../../../../GameProjectBank/GGJ2021guguji/Content/AdvancedVillagePack/Textures/T_Pack_06_RM.uasset" 417
"../../../../../../GameProjectBank/GGJ2021guguji/Content/AdvancedVillagePack/Textures/T_Pack_06_N.uasset" 418
"../../../../../../GameProjectBank/GGJ2021guguji/Content/AdvancedVillagePack/Textures/T_Pack_06_D.uasset" 419
"../../../../../../GameProjectBank/GGJ2021guguji/Content/AdvancedVillagePack/Materials/M_Inst_Pack_06.uasset" 420
"../../../../../../GameProjectBank/GGJ2021guguji/Content/AdvancedVillagePack/Meshes/SM_Bridge_Var04.uasset" 421
"../../../../../../GameProjectBank/GGJ2021guguji/Content/AdvancedVillagePack/Materials/M_Inst_Pack_01.uasset" 422
"../../../../../../GameProjectBank/GGJ2021guguji/Content/AdvancedVillagePack/Meshes/SM_Fence_Var01.uasset" 423
"../../../../../../GameProjectBank/GGJ2021guguji/Content/AdvancedVillagePack/Meshes/SM_Fence_Var02.uasset" 424
"../../../../../../GameProjectBank/GGJ2021guguji/Content/AdvancedVillagePack/Meshes/SM_Fence_Var03.uasset" 425
"../../../../../../GameProjectBank/GGJ2021guguji/Content/AdvancedVillagePack/Meshes/SM_Fence_Var04.uasset" 426
"../../../../../../GameProjectBank/GGJ2021guguji/Content/TeachersMarketplace/Assets/Props/Powerups/Powerup_A/Texture/T_Powerup_A_RGB.uasset" 427
"../../../../../../GameProjectBank/GGJ2021guguji/Content/TeachersMarketplace/Assets/Props/Powerups/Powerup_A/Texture/T_Powerup_A_E.uasset" 428
"../../../../../../GameProjectBank/GGJ2021guguji/Content/TeachersMarketplace/Assets/Props/Powerups/Powerup_A/Texture/T_Powerup_A_BC.uasset" 429
"../../../../../../GameProjectBank/GGJ2021guguji/Content/TeachersMarketplace/Assets/Props/Powerups/Powerup_A/Texture/T_Powerup_A_ARM.uasset" 430
"../../../../../../GameProjectBank/GGJ2021guguji/Content/TeachersMarketplace/Assets/Props/Powerups/Powerup_A/Material/M_Powerup_A.uasset" 431
"../../../../../../GameProjectBank/GGJ2021guguji/Content/TeachersMarketplace/Assets/Props/Powerups/Powerup_A/Mesh/SM_Powerup_A.uasset" 432
"../../../../../../GameProjectBank/GGJ2021guguji/Content/TeachersMarketplace/Assets/Environment/Islands/Texture/T_FloatingIsland_Bot_L_BC.uasset" 433
"../../../../../../GameProjectBank/GGJ2021guguji/Content/TeachersMarketplace/Assets/Environment/Islands/Texture/T_FloatingIsland_Bot_L_ARM.uasset" 434
"../../../../../../GameProjectBank/GGJ2021guguji/Content/TeachersMarketplace/Assets/Environment/Islands/Material/M_FloatingIsland_Bot_L.uasset" 435
"../../../../../../GameProjectBank/GGJ2021guguji/Content/TeachersMarketplace/Assets/Environment/Islands/Mesh/SM_FloatingIsland_L.uasset" 436
"../../../../../../GameProjectBank/GGJ2021guguji/Content/TeachersMarketplace/Assets/Environment/Foliage/Mesh/SM_Grass_Lt_05.uasset" 437
"../../../../../../GameProjectBank/GGJ2021guguji/Content/TeachersMarketplace/Assets/Environment/Foliage/Mesh/SM_Grass_Lt_02.uasset" 438
"../../../../../../GameProjectBank/GGJ2021guguji/Content/TeachersMarketplace/Assets/Environment/Foliage/Mesh/SM_Grass_Lt_01.uasset" 439
"../../../../../../GameProjectBank/GGJ2021guguji/Content/TeachersMarketplace/Assets/Environment/Foliage/Mesh/SM_Flower_Daisy_03.uasset" 440
"../../../../../../GameProjectBank/GGJ2021guguji/Content/TeachersMarketplace/Assets/Environment/Foliage/Mesh/SM_Flower_Daisy_02.uasset" 441
"../../../../../../GameProjectBank/GGJ2021guguji/Content/TeachersMarketplace/Assets/Environment/Foliage/Mesh/SM_Flower_Daisy_01.uasset" 442
"../../../../../../GameProjectBank/GGJ2021guguji/Content/TeachersMarketplace/Assets/Architecture/Kit_Roof/Texture/T_Kit_Roof_Corner_In_BC.uasset" 443
"../../../../../../GameProjectBank/GGJ2021guguji/Content/TeachersMarketplace/Assets/Architecture/Kit_Roof/Texture/T_Kit_Roof_Corner_In_ARM.uasset" 444
"../../../../../../GameProjectBank/GGJ2021guguji/Content/TeachersMarketplace/Assets/Architecture/Kit_Roof/Material/M_Kit_Roof_Corner_In.uasset" 445
"../../../../../../GameProjectBank/GGJ2021guguji/Content/TeachersMarketplace/Assets/Architecture/Kit_Roof/Mesh/SM_Kit_Roof_Corner_In.uasset" 446
"../../../../../../GameProjectBank/GGJ2021guguji/Content/TeachersMarketplace/Assets/Architecture/Kit_Floor/Mesh/SM_Kit_Floor.uasset" 447
"../../../../../../GameProjectBank/GGJ2021guguji/Content/TeachersMarketplace/Assets/Architecture/Gate/Mesh/SM_Large_Gate.uasset" 448
"../../../../../../GameProjectBank/GGJ2021guguji/Content/Levels/Level2/Level2_BuiltData.uasset" 449
"../../../../../../GameProjectBank/GGJ2021guguji/Content/Levels/BluePrints/Gate/SM_Large_Gate_01_Blueprint.uasset" 450
"../../../../../../GameProjectBank/GGJ2021guguji/Content/TeachersMarketplace/Assets/Props/Buttons/Button_A/Texture/T_Button_A_RGB.uasset" 451
"../../../../../../GameProjectBank/GGJ2021guguji/Content/TeachersMarketplace/Assets/Props/Buttons/Button_A/Texture/T_Button_A_E.uasset" 452
"../../../../../../GameProjectBank/GGJ2021guguji/Content/TeachersMarketplace/Assets/Props/Buttons/Button_A/Texture/T_Button_A_BC.uasset" 453
"../../../../../../GameProjectBank/GGJ2021guguji/Content/TeachersMarketplace/Assets/Props/Buttons/Button_A/Texture/T_Button_A_ARM.uasset" 454
"../../../../../../GameProjectBank/GGJ2021guguji/Content/TeachersMarketplace/Assets/Props/Buttons/Button_A/Material/M_Button_A.uasset" 455
"../../../../../../GameProjectBank/GGJ2021guguji/Content/TeachersMarketplace/Assets/Props/Buttons/Button_A/Mesh/SM_Button_A.uasset" 456
"../../../../../../GameProjectBank/GGJ2021guguji/Content/Levels/BluePrints/Bold/Bold.uasset" 457
"../../../../../../GameProjectBank/GGJ2021guguji/Content/AdvancedVillagePack/Textures/T_Pack_02_RM.uasset" 458
"../../../../../../GameProjectBank/GGJ2021guguji/Content/AdvancedVillagePack/Textures/T_Pack_02_N.uasset" 459
"../../../../../../GameProjectBank/GGJ2021guguji/Content/AdvancedVillagePack/Textures/T_Pack_02_D.uasset" 460
"../../../../../../GameProjectBank/GGJ2021guguji/Content/AdvancedVillagePack/Materials/M_Inst_Pack_02.uasset" 461
"../../../../../../GameProjectBank/GGJ2021guguji/Content/AdvancedVillagePack/Meshes/SM_Pumpkin_Var03.uasset" 462
"../../../../../../GameProjectBank/GGJ2021guguji/Content/GameBlueprint/eggBP.uasset" 463
"../../../../../../GameProjectBank/GGJ2021guguji/Content/Levels/Level2/Level2.umap" 464
"../../../../../../GameProjectBank/GGJ2021guguji/Content/GameBlueprint/boxBp.uasset" 465
"../../../../../../GameProjectBank/GGJ2021guguji/Content/TeachersMarketplace/Assets/Environment/Clouds/Mesh/SM_Cloud_C.uasset" 466
"../../../../../../GameProjectBank/GGJ2021guguji/Content/TeachersMarketplace/Assets/Architecture/Merged_Actors/MA_gate.uasset" 467
"../../../../../../GameProjectBank/GGJ2021guguji/Content/Levels/Level3/Level3_BuiltData.uasset" 468
"../../../../../../GameProjectBank/GGJ2021guguji/Content/TeachersMarketplace/Assets/Architecture/Kit_Wall/Texture/T_Kit_Wall_Diagonal_BC.uasset" 469
"../../../../../../GameProjectBank/GGJ2021guguji/Content/TeachersMarketplace/Assets/Architecture/Kit_Wall/Texture/T_Kit_Wall_Diagonal_ARM.uasset" 470
"../../../../../../GameProjectBank/GGJ2021guguji/Content/TeachersMarketplace/Assets/Architecture/Kit_Wall/Material/M_Kit_Wall_Diagonal.uasset" 471
"../../../../../../GameProjectBank/GGJ2021guguji/Content/TeachersMarketplace/Assets/Architecture/Kit_Wall/Mesh/SM_Kit_Wall_Diagonal.uasset" 472
"../../../../../../GameProjectBank/GGJ2021guguji/Content/TeachersMarketplace/Assets/_Shared/Textures/T_Default_O.uasset" 473
"../../../../../../GameProjectBank/GGJ2021guguji/Content/TeachersMarketplace/Assets/_Shared/Materials/Material_Master_Emissive.uasset" 474
"../../../../../../GameProjectBank/GGJ2021guguji/Content/TeachersMarketplace/Assets/Props/PuzzlePieces/PuzzleCube_A/Material/M_PuzzleCube_A_EmissiveOn.uasset" 475
"../../../../../../GameProjectBank/GGJ2021guguji/Content/TeachersMarketplace/Assets/Props/PuzzlePieces/PuzzleSphere_A/Material/M_PuzzleSphere_A_EmissiveOn.uasset" 476
"../../../../../../GameProjectBank/GGJ2021guguji/Content/TeachersMarketplace/Assets/Props/PuzzlePieces/PuzzleSphere_A/Mesh/SM_PuzzleSphere_A.uasset" 477
"../../../../../../GameProjectBank/GGJ2021guguji/Content/Levels/BluePrints/Box/Ball.uasset" 478
"../../../../../../GameProjectBank/GGJ2021guguji/Content/Levels/Level3/Level3.umap" 479
"../../../Engine/Content/BasicShapes/BasicShapeMaterial.uasset" 480
"../../../../../../GameProjectBank/GGJ2021guguji/Content/TeachersMarketplace/Assets/Architecture/Platforms/Platform_M_A/Texture/T_Platform_M_A_BC.uasset" 481
"../../../../../../GameProjectBank/GGJ2021guguji/Content/TeachersMarketplace/Assets/Architecture/Platforms/Platform_M_A/Texture/T_Platform_M_A_ARM.uasset" 482
"../../../../../../GameProjectBank/GGJ2021guguji/Content/TeachersMarketplace/Assets/Architecture/Platforms/Platform_M_A/Material/M_Platform_M_A.uasset" 483
"../../../../../../GameProjectBank/GGJ2021guguji/Content/TeachersMarketplace/Assets/Architecture/Merged_Actors/MA_setDressing_a.uasset" 484
"../../../../../../GameProjectBank/GGJ2021guguji/Content/Levels/Level4/Level4GameMode.uasset" 485
"../../../../../../GameProjectBank/GGJ2021guguji/Content/Levels/BluePrints/Gate/Trump_Gate.uasset" 486
"../../../../../../GameProjectBank/GGJ2021guguji/Content/Levels/BluePrints/Bold/Bold_2.uasset" 487
"../../../../../../GameProjectBank/GGJ2021guguji/Content/Levels/Level4/Level4.umap" 488
"../../../Engine/Content/Maps/Entry_BuiltData.uasset" 489
"../../../Engine/Content/Maps/Entry.umap" 490
